# JRE version: OpenJDK Runtime Environment (15.0.2+7) (build 15.0.2+7-27)
# Java VM: OpenJDK 64-Bit Server VM (15.0.2+7-27, mixed mode, tiered, compressed oops, g1 gc, windows-amd64)
GC Precious Log:
 CPUs: 8 total, 8 available
 Memory: 8070M
 Large Page Support: Disabled
 NUMA Support: Disabled
 Compressed Oops: Enabled (32-bit)
 Heap Region Size: 1M
 Heap Min Capacity: 8M
 Heap Initial Capacity: 128M
 Heap Max Capacity: 2018M
 Pre-touch: Disabled
 Parallel Workers: 8
 Concurrent Workers: 2
 Concurrent Refinement Workers: 8
 Periodic GC: Disabled
Heap:
 garbage-first heap   total 40960K, used 20885K [0x0000000081e00000, 0x0000000100000000)
  region size 1024K, 13 young (13312K), 2 survivors (2048K)
 Metaspace       used 22928K, capacity 23306K, committed 23420K, reserved 1069056K
  class space    used 2783K, capacity 2895K, committed 2944K, reserved 1048576K
GC Heap History (8 events):
Event: 2.407 GC heap before
{Heap before GC invocations=0 (full 0):
 garbage-first heap   total 131072K, used 23552K [0x0000000081e00000, 0x0000000100000000)
  region size 1024K, 23 young (23552K), 0 survivors (0K)
 Metaspace       used 12347K, capacity 12489K, committed 12800K, reserved 1060864K
  class space    used 1109K, capacity 1154K, committed 1280K, reserved 1048576K
}
Event: 2.415 GC heap after
{Heap after GC invocations=1 (full 0):
 garbage-first heap   total 131072K, used 7784K [0x0000000081e00000, 0x0000000100000000)
  region size 1024K, 3 young (3072K), 3 survivors (3072K)
 Metaspace       used 12347K, capacity 12489K, committed 12800K, reserved 1060864K
  class space    used 1109K, capacity 1154K, committed 1280K, reserved 1048576K
}
Event: 3.242 GC heap before
{Heap before GC invocations=1 (full 0):
 garbage-first heap   total 131072K, used 33384K [0x0000000081e00000, 0x0000000100000000)
  region size 1024K, 28 young (28672K), 3 survivors (3072K)
 Metaspace       used 15924K, capacity 16159K, committed 16384K, reserved 1064960K
  class space    used 1618K, capacity 1668K, committed 1792K, reserved 1048576K
}
Event: 3.249 GC heap after
{Heap after GC invocations=2 (full 0):
 garbage-first heap   total 131072K, used 9404K [0x0000000081e00000, 0x0000000100000000)
  region size 1024K, 2 young (2048K), 2 survivors (2048K)
 Metaspace       used 15924K, capacity 16159K, committed 16384K, reserved 1064960K
  class space    used 1618K, capacity 1668K, committed 1792K, reserved 1048576K
}
Event: 5.242 GC heap before
{Heap before GC invocations=2 (full 0):
 garbage-first heap   total 131072K, used 60604K [0x0000000081e00000, 0x0000000100000000)
  region size 1024K, 53 young (54272K), 2 survivors (2048K)
 Metaspace       used 20912K, capacity 21194K, committed 21248K, reserved 1069056K
  class space    used 2495K, capacity 2549K, committed 2560K, reserved 1048576K
}
Event: 5.248 GC heap after
{Heap after GC invocations=3 (full 0):
 garbage-first heap   total 131072K, used 10252K [0x0000000081e00000, 0x0000000100000000)
  region size 1024K, 3 young (3072K), 3 survivors (3072K)
 Metaspace       used 20912K, capacity 21194K, committed 21248K, reserved 1069056K
  class space    used 2495K, capacity 2549K, committed 2560K, reserved 1048576K
}
Event: 6.050 GC heap before
{Heap before GC invocations=4 (full 0):
 garbage-first heap   total 40960K, used 31756K [0x0000000081e00000, 0x0000000100000000)
  region size 1024K, 24 young (24576K), 3 survivors (3072K)
 Metaspace       used 22318K, capacity 22686K, committed 22780K, reserved 1069056K
  class space    used 2705K, capacity 2797K, committed 2816K, reserved 1048576K
}
Event: 6.056 GC heap after
{Heap after GC invocations=5 (full 0):
 garbage-first heap   total 40960K, used 10645K [0x0000000081e00000, 0x0000000100000000)
  region size 1024K, 2 young (2048K), 2 survivors (2048K)
 Metaspace       used 22318K, capacity 22686K, committed 22780K, reserved 1069056K
  class space    used 2705K, capacity 2797K, committed 2816K, reserved 1048576K
}

